simpleplacepicker/build 2/intermediates/manifest_merge_blame_file/debug/manifest-merger-blame-debug-report.txt
1<?xml version="1.0" encoding="utf-8"?>
2<manifest xmlns:android="http://schemas.android.com/apk/res/android"
3    package="com.attendance.simpleplacepicker" >
4
5    <uses-sdk
6        android:minSdkVersion="21"
6-->src/main/AndroidManifest.xml
7        android:targetSdkVersion="32" />
7-->src/main/AndroidManifest.xml
8
9    <uses-permission android:name="android.permission.INTERNET" /> <!-- Required to show current location -->
9-->src/main/AndroidManifest.xml:5:5-67
9-->src/main/AndroidManifest.xml:5:22-64
10    <uses-permission android:name="android.permission.ACCESS_COARSE_LOCATION" />
10-->src/main/AndroidManifest.xml:6:5-81
10-->src/main/AndroidManifest.xml:6:22-78
11    <uses-permission android:name="android.permission.ACCESS_FINE_LOCATION" />
11-->src/main/AndroidManifest.xml:7:5-79
11-->src/main/AndroidManifest.xml:7:22-76
12
13    <application
13-->src/main/AndroidManifest.xml:9:5-24:19
14        android:allowBackup="true"
14-->src/main/AndroidManifest.xml:10:9-35
15        android:icon="@drawable/ic_logo"
15-->src/main/AndroidManifest.xml:11:9-41
16        android:label="@string/app_name"
16-->src/main/AndroidManifest.xml:12:9-41
17        android:roundIcon="@drawable/ic_logo"
17-->src/main/AndroidManifest.xml:13:9-46
18        android:supportsRtl="true"
18-->src/main/AndroidManifest.xml:14:9-35
19        android:theme="@style/AppTheme" >
19-->src/main/AndroidManifest.xml:15:9-40
20        <activity
20-->src/main/AndroidManifest.xml:16:9-19:54
21            android:name="com.attendance.simpleplacepicker.MapActivity"
21-->src/main/AndroidManifest.xml:17:13-72
22            android:theme="@style/AppTheme.NoActionBar"
22-->src/main/AndroidManifest.xml:18:13-56
23            android:windowSoftInputMode="adjustPan" />
23-->src/main/AndroidManifest.xml:19:13-52
24
25        <service
25-->src/main/AndroidManifest.xml:21:9-23:40
26            android:name="com.attendance.simpleplacepicker.utils.FetchAddressIntentService"
26-->src/main/AndroidManifest.xml:22:13-92
27            android:exported="false" />
27-->src/main/AndroidManifest.xml:23:13-37
28    </application>
29
30</manifest>